2024-01-30 14:09:35,678 - DEBUG - gps_tracker - GPSTracker Models logger started
2024-01-30 14:11:42,338 - DEBUG - gps_tracker - GPSTracker Models logger started
2024-01-31 01:38:15,888 - DEBUG - gps_tracker - GPSTracker Models logger started
2024-01-31 01:42:38,843 - DEBUG - gps_tracker - GPSTracker Models logger started
2024-01-31 01:44:14,341 - DEBUG - gps_tracker - GPSTracker Models logger started
2024-01-31 03:26:40,402 - DEBUG - gps_tracker - GPSTracker Models logger started
2024-01-31 03:26:40,407 - INFO - db - Directory created/exists: /home/valentine/Data_Logging_App/backend/data/2024/01
2024-01-31 03:26:40,409 - INFO - db - File Created: /home/valentine/Data_Logging_App/backend/data/2024/01/31.txt
2024-01-31 03:28:15,975 - DEBUG - gps_tracker - GPSTracker Models logger started
2024-01-31 03:28:15,977 - INFO - db - Directory created/exists: /home/valentine/Data_Logging_App/backend/data/2024/01
2024-01-31 03:31:09,320 - DEBUG - gps_tracker - GPSTracker Models logger started
2024-01-31 03:31:09,322 - INFO - db - Directory created/exists: /home/valentine/Data_Logging_App/backend/data/2024/01
2024-01-31 03:31:37,887 - DEBUG - gps_tracker - GPSTracker Models logger started
2024-01-31 03:31:37,890 - INFO - db - Directory created/exists: /home/valentine/Data_Logging_App/backend/data/2024/01
2024-01-31 03:41:46,846 - DEBUG - gps_tracker - GPSTracker Models logger started
2024-01-31 03:41:46,849 - INFO - db - Directory created/exists: /home/valentine/Data_Logging_App/backend/data/2024/01
2024-01-31 03:41:59,948 - DEBUG - gps_tracker - GPSTracker Models logger started
2024-01-31 03:41:59,950 - INFO - db - Directory created/exists: /home/valentine/Data_Logging_App/backend/data/2024/01
2024-01-31 04:45:22,117 - DEBUG - gps_tracker - GPSTracker Models logger started
2024-01-31 04:45:22,120 - INFO - db - Directory created/exists: /home/valentine/Data_Logging_App/backend/data/2024/01
2024-01-31 04:48:28,890 - DEBUG - gps_tracker - GPSTracker Models logger started
2024-01-31 04:48:28,892 - INFO - db - Directory created/exists: /home/valentine/Data_Logging_App/backend/data/2024/01
2024-01-31 04:55:04,787 - DEBUG - gps_tracker - GPSTracker Models logger started
2024-01-31 04:55:04,789 - INFO - db - Directory created/exists: /home/valentine/Data_Logging_App/backend/data/2024/01
2024-01-31 04:57:08,788 - DEBUG - gps_tracker - GPSTracker Models logger started
2024-01-31 04:57:08,789 - INFO - db - Directory created/exists: /home/valentine/Data_Logging_App/backend/data/2024/01
2024-01-31 04:58:18,207 - DEBUG - gps_tracker - GPSTracker Models logger started
2024-01-31 04:58:18,209 - INFO - db - Directory created/exists: /home/valentine/Data_Logging_App/backend/data/2024/01
2024-01-31 04:58:28,570 - DEBUG - gps_tracker - GPSTracker Models logger started
2024-01-31 04:58:28,572 - INFO - db - Directory created/exists: /home/valentine/Data_Logging_App/backend/data/2024/01
2024-01-31 04:58:46,326 - DEBUG - gps_tracker - GPSTracker Models logger started
2024-01-31 04:58:46,328 - INFO - db - Directory created/exists: /home/valentine/Data_Logging_App/backend/data/2024/01
2024-01-31 04:58:53,622 - DEBUG - gps_tracker - GPSTracker Models logger started
2024-01-31 04:58:53,623 - INFO - db - Directory created/exists: /home/valentine/Data_Logging_App/backend/data/2024/01
2024-01-31 05:00:58,001 - DEBUG - gps_tracker - GPSTracker Models logger started
2024-01-31 05:00:58,003 - INFO - db - Directory created/exists: /home/valentine/Data_Logging_App/backend/data/2024/01
2024-01-31 05:01:14,649 - DEBUG - gps_tracker - GPSTracker Models logger started
2024-01-31 05:01:14,651 - INFO - db - Directory created/exists: /home/valentine/Data_Logging_App/backend/data/2024/01
2024-01-31 05:01:30,731 - DEBUG - gps_tracker - GPSTracker Models logger started
2024-01-31 05:01:30,733 - INFO - db - Directory created/exists: /home/valentine/Data_Logging_App/backend/data/2024/01
2024-01-31 05:05:41,678 - DEBUG - gps_tracker - GPSTracker Models logger started
2024-01-31 05:05:41,679 - INFO - db - Directory created/exists: /home/valentine/Data_Logging_App/backend/data/2024/01
2024-01-31 05:05:54,880 - DEBUG - gps_tracker - GPSTracker Models logger started
2024-01-31 05:05:54,881 - INFO - db - Directory created/exists: /home/valentine/Data_Logging_App/backend/data/2024/01
2024-01-31 05:05:54,884 - CRITICAL - db - Exception Trying to Access File <class 'AttributeError'>: 'FileDB' object has no attribute 'writelines'
2024-01-31 05:05:54,884 - CRITICAL - db - Exception Trying to Access File <class 'AttributeError'>: 'FileDB' object has no attribute 'writelines'
2024-01-31 05:07:03,728 - DEBUG - gps_tracker - GPSTracker Models logger started
2024-01-31 05:07:03,729 - INFO - db - Directory created/exists: /home/valentine/Data_Logging_App/backend/data/2024/01
2024-01-31 05:07:13,431 - DEBUG - gps_tracker - GPSTracker Models logger started
2024-01-31 05:07:13,433 - INFO - db - Directory created/exists: /home/valentine/Data_Logging_App/backend/data/2024/01
2024-01-31 05:07:15,459 - DEBUG - gps_tracker - GPSTracker Models logger started
2024-01-31 05:07:15,461 - INFO - db - Directory created/exists: /home/valentine/Data_Logging_App/backend/data/2024/01
2024-01-31 05:07:16,670 - DEBUG - gps_tracker - GPSTracker Models logger started
2024-01-31 05:07:16,672 - INFO - db - Directory created/exists: /home/valentine/Data_Logging_App/backend/data/2024/01
2024-01-31 05:07:38,966 - DEBUG - gps_tracker - GPSTracker Models logger started
2024-01-31 05:07:38,968 - INFO - db - Directory created/exists: /home/valentine/Data_Logging_App/backend/data/2024/01
2024-01-31 05:12:32,241 - DEBUG - gps_tracker - GPSTracker Models logger started
2024-01-31 05:12:32,243 - INFO - db - Directory created/exists: /home/valentine/Data_Logging_App/backend/data/2024/01
2024-01-31 05:22:44,429 - DEBUG - gps_tracker - GPSTracker Models logger started
2024-01-31 05:22:44,431 - INFO - db - Directory created/exists: /home/valentine/Data_Logging_App/backend/data/2024/01
2024-01-31 05:22:44,433 - WARNING - gps_tracker - Unexpected result from gps device
2024-01-31 05:23:01,457 - DEBUG - gps_tracker - GPSTracker Models logger started
2024-01-31 05:23:01,459 - INFO - db - Directory created/exists: /home/valentine/Data_Logging_App/backend/data/2024/01
2024-01-31 05:23:31,007 - DEBUG - gps_tracker - GPSTracker Models logger started
2024-01-31 05:23:31,008 - INFO - db - Directory created/exists: /home/valentine/Data_Logging_App/backend/data/2024/01
2024-01-31 05:23:31,009 - INFO - db - File Created: /home/valentine/Data_Logging_App/backend/data/2024/01/31.txt
2024-01-31 05:23:49,575 - DEBUG - gps_tracker - GPSTracker Models logger started
2024-01-31 05:23:49,577 - INFO - db - Directory created/exists: /home/valentine/Data_Logging_App/backend/data/2024/01
2024-01-31 05:25:27,564 - DEBUG - gps_tracker - GPSTracker Models logger started
2024-01-31 05:25:27,565 - INFO - db - Directory created/exists: /home/valentine/Data_Logging_App/backend/data/2024/01
2024-01-31 05:25:29,902 - DEBUG - gps_tracker - GPSTracker Models logger started
2024-01-31 05:25:29,904 - INFO - db - Directory created/exists: /home/valentine/Data_Logging_App/backend/data/2024/01
2024-01-31 05:25:32,821 - DEBUG - gps_tracker - GPSTracker Models logger started
2024-01-31 05:25:32,823 - INFO - db - Directory created/exists: /home/valentine/Data_Logging_App/backend/data/2024/01
2024-01-31 05:25:36,083 - DEBUG - gps_tracker - GPSTracker Models logger started
2024-01-31 05:25:36,085 - INFO - db - Directory created/exists: /home/valentine/Data_Logging_App/backend/data/2024/01
2024-01-31 05:29:58,164 - DEBUG - gps_tracker - GPSTracker Models logger started
2024-01-31 05:29:58,167 - INFO - db - Directory created/exists: /home/valentine/Data_Logging_App/backend/data/2024/01
2024-01-31 05:30:08,020 - DEBUG - gps_tracker - GPSTracker Models logger started
2024-01-31 05:30:08,021 - INFO - db - Directory created/exists: /home/valentine/Data_Logging_App/backend/data/2024/01
2024-01-31 05:30:10,402 - DEBUG - gps_tracker - GPSTracker Models logger started
2024-01-31 05:30:10,403 - INFO - db - Directory created/exists: /home/valentine/Data_Logging_App/backend/data/2024/01
2024-01-31 05:35:01,213 - DEBUG - gps_tracker - GPSTracker Models logger started
2024-01-31 05:35:01,214 - INFO - db - Directory created/exists: /home/valentine/Data_Logging_App/backend/data/2024/01
2024-01-31 05:35:01,216 - WARNING - gps_tracker - Unexpected result from gps device
2024-01-31 18:45:24,449 - DEBUG - gps_tracker - GPSTracker Models logger started
2024-01-31 18:45:24,455 - INFO - db - Directory created/exists: /home/valentine/Data_Logging_App/backend/data/2024/01
2024-01-31 18:46:46,540 - DEBUG - gps_tracker - GPSTracker Models logger started
2024-01-31 18:46:46,541 - INFO - db - Directory created/exists: /home/valentine/Data_Logging_App/backend/data/2024/01
2024-01-31 18:47:12,236 - DEBUG - gps_tracker - GPSTracker Models logger started
2024-01-31 18:47:12,238 - INFO - db - Directory created/exists: /home/valentine/Data_Logging_App/backend/data/2024/01
2024-01-31 18:47:48,109 - DEBUG - gps_tracker - GPSTracker Models logger started
2024-01-31 18:47:48,111 - INFO - db - Directory created/exists: /home/valentine/Data_Logging_App/backend/data/2024/01
2024-01-31 18:52:35,150 - DEBUG - gps_tracker - GPSTracker Models logger started
2024-01-31 18:52:35,152 - INFO - db - Directory created/exists: /home/valentine/Data_Logging_App/backend/data/2024/01
